{"/home/yangchi/Project/42_Red-Tetris/app/src/sum.js": {"path":"/home/yangchi/Project/42_Red-Tetris/app/src/sum.js","statementMap":{"0":{"start":{"line":4,"column":1},"end":{"line":4,"column":14}},"1":{"start":{"line":6,"column":2},"end":{"line":6,"column":23}}},"fnMap":{"0":{"name":"sum","decl":{"start":{"line":3,"column":9},"end":{"line":3,"column":12}},"loc":{"start":{"line":3,"column":19},"end":{"line":5,"column":3}},"line":3}},"branchMap":{},"s":{"0":1,"1":1},"f":{"0":1},"b":{},"_coverageSchema":"1a1c01bbd47fc00a2c39e90264f33305004495a9","hash":"dfd8818e8fb79e8e4f6390f4f9421264e9eea363"}
,"/home/yangchi/Project/42_Red-Tetris/app/src/server/TetrisGame.js": {"path":"/home/yangchi/Project/42_Red-Tetris/app/src/server/TetrisGame.js","statementMap":{"0":{"start":{"line":6,"column":8},"end":{"line":6,"column":21}},"1":{"start":{"line":7,"column":8},"end":{"line":7,"column":24}},"2":{"start":{"line":8,"column":8},"end":{"line":8,"column":40}},"3":{"start":{"line":12,"column":8},"end":{"line":12,"column":74}},"4":{"start":{"line":12,"column":43},"end":{"line":12,"column":72}},"5":{"start":{"line":16,"column":8},"end":{"line":16,"column":69}},"6":{"start":{"line":16,"column":38},"end":{"line":16,"column":67}},"7":{"start":{"line":17,"column":8},"end":{"line":17,"column":79}},"8":{"start":{"line":17,"column":42},"end":{"line":17,"column":77}},"9":{"start":{"line":18,"column":8},"end":{"line":18,"column":67}},"10":{"start":{"line":18,"column":37},"end":{"line":18,"column":65}},"11":{"start":{"line":19,"column":8},"end":{"line":19,"column":59}},"12":{"start":{"line":19,"column":33},"end":{"line":19,"column":57}},"13":{"start":{"line":20,"column":8},"end":{"line":20,"column":57}},"14":{"start":{"line":20,"column":32},"end":{"line":20,"column":55}},"15":{"start":{"line":21,"column":8},"end":{"line":21,"column":71}},"16":{"start":{"line":21,"column":38},"end":{"line":21,"column":69}},"17":{"start":{"line":22,"column":8},"end":{"line":22,"column":83}},"18":{"start":{"line":22,"column":44},"end":{"line":22,"column":81}},"19":{"start":{"line":26,"column":23},"end":{"line":26,"column":57}},"20":{"start":{"line":27,"column":8},"end":{"line":30,"column":9}},"21":{"start":{"line":28,"column":12},"end":{"line":28,"column":35}},"22":{"start":{"line":29,"column":12},"end":{"line":29,"column":50}},"23":{"start":{"line":34,"column":19},"end":{"line":34,"column":37}},"24":{"start":{"line":35,"column":8},"end":{"line":38,"column":9}},"25":{"start":{"line":36,"column":12},"end":{"line":36,"column":42}},"26":{"start":{"line":37,"column":12},"end":{"line":37,"column":38}},"27":{"start":{"line":40,"column":8},"end":{"line":43,"column":9}},"28":{"start":{"line":41,"column":12},"end":{"line":41,"column":66}},"29":{"start":{"line":42,"column":12},"end":{"line":42,"column":19}},"30":{"start":{"line":45,"column":8},"end":{"line":48,"column":9}},"31":{"start":{"line":46,"column":12},"end":{"line":46,"column":58}},"32":{"start":{"line":47,"column":12},"end":{"line":47,"column":19}},"33":{"start":{"line":50,"column":8},"end":{"line":50,"column":38}},"34":{"start":{"line":54,"column":23},"end":{"line":54,"column":57}},"35":{"start":{"line":55,"column":8},"end":{"line":57,"column":9}},"36":{"start":{"line":56,"column":12},"end":{"line":56,"column":35}},"37":{"start":{"line":61,"column":23},"end":{"line":61,"column":57}},"38":{"start":{"line":62,"column":8},"end":{"line":65,"column":9}},"39":{"start":{"line":63,"column":12},"end":{"line":63,"column":90}},"40":{"start":{"line":64,"column":12},"end":{"line":64,"column":19}},"41":{"start":{"line":67,"column":21},"end":{"line":67,"column":51}},"42":{"start":{"line":68,"column":8},"end":{"line":71,"column":9}},"43":{"start":{"line":69,"column":12},"end":{"line":69,"column":81}},"44":{"start":{"line":70,"column":12},"end":{"line":70,"column":19}},"45":{"start":{"line":73,"column":8},"end":{"line":73,"column":25}},"46":{"start":{"line":74,"column":2},"end":{"line":74,"column":111}},"47":{"start":{"line":75,"column":8},"end":{"line":75,"column":66}},"48":{"start":{"line":79,"column":23},"end":{"line":79,"column":57}},"49":{"start":{"line":80,"column":8},"end":{"line":83,"column":9}},"50":{"start":{"line":81,"column":12},"end":{"line":81,"column":90}},"51":{"start":{"line":82,"column":12},"end":{"line":82,"column":19}},"52":{"start":{"line":85,"column":8},"end":{"line":85,"column":56}},"53":{"start":{"line":89,"column":8},"end":{"line":89,"column":48}},"54":{"start":{"line":93,"column":8},"end":{"line":98,"column":9}},"55":{"start":{"line":94,"column":12},"end":{"line":94,"column":46}},"56":{"start":{"line":96,"column":12},"end":{"line":96,"column":63}},"57":{"start":{"line":97,"column":12},"end":{"line":97,"column":19}},"58":{"start":{"line":100,"column":23},"end":{"line":100,"column":57}},"59":{"start":{"line":101,"column":23},"end":{"line":101,"column":41}},"60":{"start":{"line":102,"column":32},"end":{"line":102,"column":41}},"61":{"start":{"line":104,"column":8},"end":{"line":107,"column":9}},"62":{"start":{"line":105,"column":12},"end":{"line":105,"column":32}},"63":{"start":{"line":106,"column":12},"end":{"line":106,"column":110}},"64":{"start":{"line":109,"column":8},"end":{"line":109,"column":112}},"65":{"start":{"line":113,"column":23},"end":{"line":113,"column":57}},"66":{"start":{"line":114,"column":23},"end":{"line":114,"column":41}},"67":{"start":{"line":115,"column":8},"end":{"line":117,"column":9}},"68":{"start":{"line":116,"column":12},"end":{"line":116,"column":19}},"69":{"start":{"line":118,"column":8},"end":{"line":118,"column":37}},"70":{"start":{"line":119,"column":8},"end":{"line":119,"column":56}},"71":{"start":{"line":123,"column":2},"end":{"line":123,"column":22}},"72":{"start":{"line":124,"column":17},"end":{"line":124,"column":72}},"73":{"start":{"line":125,"column":23},"end":{"line":125,"column":66}},"74":{"start":{"line":126,"column":2},"end":{"line":126,"column":45}},"75":{"start":{"line":127,"column":2},"end":{"line":127,"column":51}},"76":{"start":{"line":128,"column":2},"end":{"line":128,"column":53}},"77":{"start":{"line":129,"column":2},"end":{"line":129,"column":50}},"78":{"start":{"line":133,"column":17},"end":{"line":133,"column":51}},"79":{"start":{"line":134,"column":2},"end":{"line":134,"column":22}},"80":{"start":{"line":134,"column":15},"end":{"line":134,"column":22}},"81":{"start":{"line":136,"column":17},"end":{"line":136,"column":35}},"82":{"start":{"line":137,"column":2},"end":{"line":137,"column":23}},"83":{"start":{"line":138,"column":2},"end":{"line":138,"column":54}},"84":{"start":{"line":140,"column":2},"end":{"line":140,"column":40}},"85":{"start":{"line":142,"column":2},"end":{"line":154,"column":3}},"86":{"start":{"line":143,"column":3},"end":{"line":153,"column":4}},"87":{"start":{"line":144,"column":24},"end":{"line":144,"column":61}},"88":{"start":{"line":145,"column":4},"end":{"line":149,"column":5}},"89":{"start":{"line":146,"column":33},"end":{"line":146,"column":69}},"90":{"start":{"line":147,"column":5},"end":{"line":147,"column":46}},"91":{"start":{"line":148,"column":5},"end":{"line":148,"column":84}},"92":{"start":{"line":151,"column":4},"end":{"line":151,"column":56}},"93":{"start":{"line":152,"column":4},"end":{"line":152,"column":30}}},"fnMap":{"0":{"name":"(anonymous_0)","decl":{"start":{"line":5,"column":4},"end":{"line":5,"column":5}},"loc":{"start":{"line":5,"column":20},"end":{"line":9,"column":5}},"line":5},"1":{"name":"(anonymous_1)","decl":{"start":{"line":11,"column":4},"end":{"line":11,"column":5}},"loc":{"start":{"line":11,"column":11},"end":{"line":13,"column":5}},"line":11},"2":{"name":"(anonymous_2)","decl":{"start":{"line":12,"column":33},"end":{"line":12,"column":34}},"loc":{"start":{"line":12,"column":43},"end":{"line":12,"column":72}},"line":12},"3":{"name":"(anonymous_3)","decl":{"start":{"line":15,"column":4},"end":{"line":15,"column":5}},"loc":{"start":{"line":15,"column":29},"end":{"line":23,"column":5}},"line":15},"4":{"name":"(anonymous_4)","decl":{"start":{"line":16,"column":32},"end":{"line":16,"column":33}},"loc":{"start":{"line":16,"column":38},"end":{"line":16,"column":67}},"line":16},"5":{"name":"(anonymous_5)","decl":{"start":{"line":17,"column":30},"end":{"line":17,"column":31}},"loc":{"start":{"line":17,"column":42},"end":{"line":17,"column":77}},"line":17},"6":{"name":"(anonymous_6)","decl":{"start":{"line":18,"column":31},"end":{"line":18,"column":32}},"loc":{"start":{"line":18,"column":37},"end":{"line":18,"column":65}},"line":18},"7":{"name":"(anonymous_7)","decl":{"start":{"line":19,"column":27},"end":{"line":19,"column":28}},"loc":{"start":{"line":19,"column":33},"end":{"line":19,"column":57}},"line":19},"8":{"name":"(anonymous_8)","decl":{"start":{"line":20,"column":26},"end":{"line":20,"column":27}},"loc":{"start":{"line":20,"column":32},"end":{"line":20,"column":55}},"line":20},"9":{"name":"(anonymous_9)","decl":{"start":{"line":21,"column":25},"end":{"line":21,"column":26}},"loc":{"start":{"line":21,"column":38},"end":{"line":21,"column":69}},"line":21},"10":{"name":"(anonymous_10)","decl":{"start":{"line":22,"column":29},"end":{"line":22,"column":30}},"loc":{"start":{"line":22,"column":44},"end":{"line":22,"column":81}},"line":22},"11":{"name":"(anonymous_11)","decl":{"start":{"line":25,"column":4},"end":{"line":25,"column":5}},"loc":{"start":{"line":25,"column":29},"end":{"line":31,"column":5}},"line":25},"12":{"name":"(anonymous_12)","decl":{"start":{"line":33,"column":4},"end":{"line":33,"column":5}},"loc":{"start":{"line":33,"column":35},"end":{"line":51,"column":5}},"line":33},"13":{"name":"(anonymous_13)","decl":{"start":{"line":53,"column":4},"end":{"line":53,"column":5}},"loc":{"start":{"line":53,"column":28},"end":{"line":58,"column":5}},"line":53},"14":{"name":"(anonymous_14)","decl":{"start":{"line":60,"column":4},"end":{"line":60,"column":5}},"loc":{"start":{"line":60,"column":24},"end":{"line":76,"column":5}},"line":60},"15":{"name":"(anonymous_15)","decl":{"start":{"line":78,"column":4},"end":{"line":78,"column":5}},"loc":{"start":{"line":78,"column":23},"end":{"line":86,"column":5}},"line":78},"16":{"name":"(anonymous_16)","decl":{"start":{"line":88,"column":4},"end":{"line":88,"column":5}},"loc":{"start":{"line":88,"column":31},"end":{"line":90,"column":5}},"line":88},"17":{"name":"(anonymous_17)","decl":{"start":{"line":92,"column":4},"end":{"line":92,"column":5}},"loc":{"start":{"line":92,"column":37},"end":{"line":110,"column":5}},"line":92},"18":{"name":"(anonymous_18)","decl":{"start":{"line":112,"column":4},"end":{"line":112,"column":5}},"loc":{"start":{"line":112,"column":29},"end":{"line":120,"column":5}},"line":112},"19":{"name":"(anonymous_19)","decl":{"start":{"line":122,"column":4},"end":{"line":122,"column":5}},"loc":{"start":{"line":122,"column":29},"end":{"line":130,"column":2}},"line":122},"20":{"name":"(anonymous_20)","decl":{"start":{"line":132,"column":4},"end":{"line":132,"column":5}},"loc":{"start":{"line":132,"column":22},"end":{"line":155,"column":2}},"line":132}},"branchMap":{"0":{"loc":{"start":{"line":27,"column":8},"end":{"line":30,"column":9}},"type":"if","locations":[{"start":{"line":27,"column":8},"end":{"line":30,"column":9}},{"start":{},"end":{}}],"line":27},"1":{"loc":{"start":{"line":35,"column":8},"end":{"line":38,"column":9}},"type":"if","locations":[{"start":{"line":35,"column":8},"end":{"line":38,"column":9}},{"start":{},"end":{}}],"line":35},"2":{"loc":{"start":{"line":40,"column":8},"end":{"line":43,"column":9}},"type":"if","locations":[{"start":{"line":40,"column":8},"end":{"line":43,"column":9}},{"start":{},"end":{}}],"line":40},"3":{"loc":{"start":{"line":45,"column":8},"end":{"line":48,"column":9}},"type":"if","locations":[{"start":{"line":45,"column":8},"end":{"line":48,"column":9}},{"start":{},"end":{}}],"line":45},"4":{"loc":{"start":{"line":55,"column":8},"end":{"line":57,"column":9}},"type":"if","locations":[{"start":{"line":55,"column":8},"end":{"line":57,"column":9}},{"start":{},"end":{}}],"line":55},"5":{"loc":{"start":{"line":62,"column":8},"end":{"line":65,"column":9}},"type":"if","locations":[{"start":{"line":62,"column":8},"end":{"line":65,"column":9}},{"start":{},"end":{}}],"line":62},"6":{"loc":{"start":{"line":62,"column":12},"end":{"line":62,"column":50}},"type":"binary-expr","locations":[{"start":{"line":62,"column":12},"end":{"line":62,"column":19}},{"start":{"line":62,"column":23},"end":{"line":62,"column":50}}],"line":62},"7":{"loc":{"start":{"line":68,"column":8},"end":{"line":71,"column":9}},"type":"if","locations":[{"start":{"line":68,"column":8},"end":{"line":71,"column":9}},{"start":{},"end":{}}],"line":68},"8":{"loc":{"start":{"line":80,"column":8},"end":{"line":83,"column":9}},"type":"if","locations":[{"start":{"line":80,"column":8},"end":{"line":83,"column":9}},{"start":{},"end":{}}],"line":80},"9":{"loc":{"start":{"line":80,"column":12},"end":{"line":80,"column":48}},"type":"binary-expr","locations":[{"start":{"line":80,"column":12},"end":{"line":80,"column":19}},{"start":{"line":80,"column":23},"end":{"line":80,"column":48}}],"line":80},"10":{"loc":{"start":{"line":104,"column":8},"end":{"line":107,"column":9}},"type":"if","locations":[{"start":{"line":104,"column":8},"end":{"line":107,"column":9}},{"start":{},"end":{}}],"line":104},"11":{"loc":{"start":{"line":115,"column":8},"end":{"line":117,"column":9}},"type":"if","locations":[{"start":{"line":115,"column":8},"end":{"line":117,"column":9}},{"start":{},"end":{}}],"line":115},"12":{"loc":{"start":{"line":134,"column":2},"end":{"line":134,"column":22}},"type":"if","locations":[{"start":{"line":134,"column":2},"end":{"line":134,"column":22}},{"start":{},"end":{}}],"line":134},"13":{"loc":{"start":{"line":142,"column":2},"end":{"line":154,"column":3}},"type":"if","locations":[{"start":{"line":142,"column":2},"end":{"line":154,"column":3}},{"start":{},"end":{}}],"line":142},"14":{"loc":{"start":{"line":143,"column":3},"end":{"line":153,"column":4}},"type":"if","locations":[{"start":{"line":143,"column":3},"end":{"line":153,"column":4}},{"start":{"line":150,"column":10},"end":{"line":153,"column":4}}],"line":143},"15":{"loc":{"start":{"line":143,"column":7},"end":{"line":143,"column":84}},"type":"binary-expr","locations":[{"start":{"line":143,"column":7},"end":{"line":143,"column":38}},{"start":{"line":143,"column":42},"end":{"line":143,"column":84}}],"line":143},"16":{"loc":{"start":{"line":145,"column":4},"end":{"line":149,"column":5}},"type":"if","locations":[{"start":{"line":145,"column":4},"end":{"line":149,"column":5}},{"start":{},"end":{}}],"line":145}},"s":{"0":30,"1":30,"2":30,"3":2,"4":0,"5":1,"6":0,"7":1,"8":0,"9":1,"10":0,"11":1,"12":0,"13":1,"14":0,"15":1,"16":0,"17":1,"18":0,"19":2,"20":2,"21":1,"22":1,"23":5,"24":5,"25":2,"26":2,"27":5,"28":1,"29":1,"30":4,"31":1,"32":1,"33":3,"34":2,"35":2,"36":1,"37":3,"38":3,"39":3,"40":3,"41":0,"42":0,"43":0,"44":0,"45":0,"46":0,"47":0,"48":2,"49":2,"50":2,"51":2,"52":0,"53":1,"54":3,"55":3,"56":1,"57":1,"58":2,"59":2,"60":2,"61":2,"62":1,"63":1,"64":2,"65":2,"66":2,"67":2,"68":2,"69":0,"70":0,"71":3,"72":3,"73":3,"74":3,"75":3,"76":3,"77":3,"78":4,"79":4,"80":1,"81":3,"82":3,"83":3,"84":0,"85":0,"86":0,"87":0,"88":0,"89":0,"90":0,"91":0,"92":0,"93":0},"f":{"0":30,"1":2,"2":0,"3":1,"4":0,"5":0,"6":0,"7":0,"8":0,"9":0,"10":0,"11":2,"12":5,"13":2,"14":3,"15":2,"16":1,"17":3,"18":2,"19":3,"20":4},"b":{"0":[1,1],"1":[2,3],"2":[1,4],"3":[1,3],"4":[1,1],"5":[3,0],"6":[3,3],"7":[0,0],"8":[2,0],"9":[2,2],"10":[1,1],"11":[2,0],"12":[1,3],"13":[0,0],"14":[0,0],"15":[0,0],"16":[0,0]},"_coverageSchema":"1a1c01bbd47fc00a2c39e90264f33305004495a9","hash":"15565d7935c4fcb5d1172d48e47face7649f5dd0"}
,"/home/yangchi/Project/42_Red-Tetris/app/src/server/TetrisPlayer.js": {"path":"/home/yangchi/Project/42_Red-Tetris/app/src/server/TetrisPlayer.js","statementMap":{"0":{"start":{"line":3,"column":2},"end":{"line":3,"column":27}},"1":{"start":{"line":4,"column":2},"end":{"line":4,"column":23}},"2":{"start":{"line":5,"column":2},"end":{"line":5,"column":19}},"3":{"start":{"line":6,"column":2},"end":{"line":6,"column":18}},"4":{"start":{"line":7,"column":2},"end":{"line":7,"column":25}},"5":{"start":{"line":8,"column":2},"end":{"line":8,"column":20}},"6":{"start":{"line":12,"column":2},"end":{"line":12,"column":23}},"7":{"start":{"line":16,"column":2},"end":{"line":16,"column":23}},"8":{"start":{"line":20,"column":2},"end":{"line":20,"column":39}},"9":{"start":{"line":24,"column":2},"end":{"line":24,"column":21}},"10":{"start":{"line":28,"column":2},"end":{"line":28,"column":21}},"11":{"start":{"line":32,"column":2},"end":{"line":32,"column":21}},"12":{"start":{"line":36,"column":2},"end":{"line":40,"column":4}},"13":{"start":{"line":44,"column":2},"end":{"line":46,"column":3}},"14":{"start":{"line":45,"column":3},"end":{"line":45,"column":31}},"15":{"start":{"line":47,"column":2},"end":{"line":47,"column":14}}},"fnMap":{"0":{"name":"(anonymous_0)","decl":{"start":{"line":2,"column":1},"end":{"line":2,"column":2}},"loc":{"start":{"line":2,"column":39},"end":{"line":9,"column":2}},"line":2},"1":{"name":"(anonymous_1)","decl":{"start":{"line":11,"column":1},"end":{"line":11,"column":2}},"loc":{"start":{"line":11,"column":19},"end":{"line":13,"column":2}},"line":11},"2":{"name":"(anonymous_2)","decl":{"start":{"line":15,"column":1},"end":{"line":15,"column":2}},"loc":{"start":{"line":15,"column":19},"end":{"line":17,"column":2}},"line":15},"3":{"name":"(anonymous_3)","decl":{"start":{"line":19,"column":1},"end":{"line":19,"column":2}},"loc":{"start":{"line":19,"column":14},"end":{"line":21,"column":2}},"line":19},"4":{"name":"(anonymous_4)","decl":{"start":{"line":23,"column":1},"end":{"line":23,"column":2}},"loc":{"start":{"line":23,"column":13},"end":{"line":25,"column":2}},"line":23},"5":{"name":"(anonymous_5)","decl":{"start":{"line":27,"column":1},"end":{"line":27,"column":2}},"loc":{"start":{"line":27,"column":13},"end":{"line":29,"column":2}},"line":27},"6":{"name":"(anonymous_6)","decl":{"start":{"line":31,"column":1},"end":{"line":31,"column":2}},"loc":{"start":{"line":31,"column":13},"end":{"line":33,"column":2}},"line":31},"7":{"name":"(anonymous_7)","decl":{"start":{"line":35,"column":1},"end":{"line":35,"column":2}},"loc":{"start":{"line":35,"column":17},"end":{"line":41,"column":2}},"line":35},"8":{"name":"(anonymous_8)","decl":{"start":{"line":43,"column":1},"end":{"line":43,"column":2}},"loc":{"start":{"line":43,"column":32},"end":{"line":48,"column":2}},"line":43}},"branchMap":{"0":{"loc":{"start":{"line":44,"column":2},"end":{"line":46,"column":3}},"type":"if","locations":[{"start":{"line":44,"column":2},"end":{"line":46,"column":3}},{"start":{},"end":{}}],"line":44}},"s":{"0":7,"1":7,"2":7,"3":7,"4":7,"5":7,"6":8,"7":9,"8":2,"9":2,"10":4,"11":0,"12":2,"13":2,"14":1,"15":1},"f":{"0":7,"1":8,"2":9,"3":2,"4":2,"5":4,"6":0,"7":2,"8":2},"b":{"0":[1,1]},"_coverageSchema":"1a1c01bbd47fc00a2c39e90264f33305004495a9","hash":"6f20c58072d38bfca77e93fc8a1975ed6dfb6577"}
,"/home/yangchi/Project/42_Red-Tetris/app/src/server/TetrisRoom.js": {"path":"/home/yangchi/Project/42_Red-Tetris/app/src/server/TetrisRoom.js","statementMap":{"0":{"start":{"line":3,"column":2},"end":{"line":3,"column":23}},"1":{"start":{"line":4,"column":2},"end":{"line":4,"column":20}},"2":{"start":{"line":5,"column":2},"end":{"line":5,"column":26}},"3":{"start":{"line":9,"column":2},"end":{"line":9,"column":28}},"4":{"start":{"line":13,"column":2},"end":{"line":13,"column":56}},"5":{"start":{"line":13,"column":42},"end":{"line":13,"column":54}},"6":{"start":{"line":17,"column":2},"end":{"line":17,"column":26}},"7":{"start":{"line":18,"column":17},"end":{"line":18,"column":46}},"8":{"start":{"line":19,"column":2},"end":{"line":21,"column":3}},"9":{"start":{"line":20,"column":3},"end":{"line":20,"column":28}},"10":{"start":{"line":25,"column":2},"end":{"line":25,"column":26}},"11":{"start":{"line":26,"column":2},"end":{"line":28,"column":3}},"12":{"start":{"line":27,"column":3},"end":{"line":27,"column":23}},"13":{"start":{"line":32,"column":2},"end":{"line":32,"column":22}},"14":{"start":{"line":36,"column":2},"end":{"line":36,"column":21}}},"fnMap":{"0":{"name":"(anonymous_0)","decl":{"start":{"line":2,"column":1},"end":{"line":2,"column":2}},"loc":{"start":{"line":2,"column":21},"end":{"line":6,"column":2}},"line":2},"1":{"name":"(anonymous_1)","decl":{"start":{"line":8,"column":1},"end":{"line":8,"column":2}},"loc":{"start":{"line":8,"column":19},"end":{"line":10,"column":2}},"line":8},"2":{"name":"(anonymous_2)","decl":{"start":{"line":12,"column":1},"end":{"line":12,"column":2}},"loc":{"start":{"line":12,"column":22},"end":{"line":14,"column":2}},"line":12},"3":{"name":"(anonymous_3)","decl":{"start":{"line":13,"column":37},"end":{"line":13,"column":38}},"loc":{"start":{"line":13,"column":42},"end":{"line":13,"column":54}},"line":13},"4":{"name":"(anonymous_4)","decl":{"start":{"line":16,"column":1},"end":{"line":16,"column":2}},"loc":{"start":{"line":16,"column":13},"end":{"line":22,"column":2}},"line":16},"5":{"name":"(anonymous_5)","decl":{"start":{"line":24,"column":1},"end":{"line":24,"column":2}},"loc":{"start":{"line":24,"column":11},"end":{"line":29,"column":2}},"line":24},"6":{"name":"(anonymous_6)","decl":{"start":{"line":31,"column":1},"end":{"line":31,"column":2}},"loc":{"start":{"line":31,"column":14},"end":{"line":33,"column":2}},"line":31},"7":{"name":"(anonymous_7)","decl":{"start":{"line":35,"column":1},"end":{"line":35,"column":2}},"loc":{"start":{"line":35,"column":13},"end":{"line":37,"column":2}},"line":35}},"branchMap":{},"s":{"0":5,"1":5,"2":5,"3":7,"4":1,"5":2,"6":2,"7":2,"8":2,"9":4,"10":1,"11":1,"12":2,"13":3,"14":2},"f":{"0":5,"1":7,"2":1,"3":2,"4":2,"5":1,"6":3,"7":2},"b":{},"_coverageSchema":"1a1c01bbd47fc00a2c39e90264f33305004495a9","hash":"fa9be328d6a0851578e62721f192b5571d9859e1"}
,"/home/yangchi/Project/42_Red-Tetris/app/src/server/TetrisServer.js": {"path":"/home/yangchi/Project/42_Red-Tetris/app/src/server/TetrisServer.js","statementMap":{"0":{"start":{"line":11,"column":4},"end":{"line":11,"column":25}},"1":{"start":{"line":12,"column":4},"end":{"line":12,"column":25}},"2":{"start":{"line":13,"column":4},"end":{"line":13,"column":46}},"3":{"start":{"line":14,"column":4},"end":{"line":14,"column":73}},"4":{"start":{"line":15,"column":4},"end":{"line":15,"column":40}},"5":{"start":{"line":19,"column":4},"end":{"line":19,"column":25}},"6":{"start":{"line":23,"column":4},"end":{"line":25,"column":7}},"7":{"start":{"line":27,"column":4},"end":{"line":27,"column":21}},"8":{"start":{"line":55,"column":4},"end":{"line":55,"column":20}},"9":{"start":{"line":56,"column":4},"end":{"line":59,"column":7}},"10":{"start":{"line":57,"column":6},"end":{"line":57,"column":29}},"11":{"start":{"line":58,"column":6},"end":{"line":58,"column":11}}},"fnMap":{"0":{"name":"(anonymous_0)","decl":{"start":{"line":10,"column":2},"end":{"line":10,"column":3}},"loc":{"start":{"line":10,"column":22},"end":{"line":16,"column":3}},"line":10},"1":{"name":"(anonymous_1)","decl":{"start":{"line":18,"column":2},"end":{"line":18,"column":3}},"loc":{"start":{"line":18,"column":9},"end":{"line":28,"column":3}},"line":18},"2":{"name":"(anonymous_2)","decl":{"start":{"line":23,"column":36},"end":{"line":23,"column":37}},"loc":{"start":{"line":23,"column":42},"end":{"line":25,"column":5}},"line":23},"3":{"name":"(anonymous_3)","decl":{"start":{"line":54,"column":2},"end":{"line":54,"column":3}},"loc":{"start":{"line":54,"column":11},"end":{"line":60,"column":3}},"line":54},"4":{"name":"(anonymous_4)","decl":{"start":{"line":56,"column":22},"end":{"line":56,"column":23}},"loc":{"start":{"line":56,"column":28},"end":{"line":59,"column":5}},"line":56}},"branchMap":{},"s":{"0":1,"1":1,"2":1,"3":1,"4":1,"5":1,"6":1,"7":1,"8":1,"9":1,"10":1,"11":1},"f":{"0":1,"1":1,"2":0,"3":1,"4":1},"b":{},"_coverageSchema":"1a1c01bbd47fc00a2c39e90264f33305004495a9","hash":"8e528b8aff7ce9238c25b14cffe8205b35158c87"}
}
