TN:
SF:src/sum.js
FN:3,sum
FNF:1
FNH:1
FNDA:1,sum
DA:4,1
DA:6,1
LF:2
LH:2
BRF:0
BRH:0
end_of_record
TN:
SF:src/server/TetrisGame.js
FN:5,(anonymous_0)
FN:11,(anonymous_1)
FN:12,(anonymous_2)
FN:15,(anonymous_3)
FN:16,(anonymous_4)
FN:17,(anonymous_5)
FN:18,(anonymous_6)
FN:19,(anonymous_7)
FN:20,(anonymous_8)
FN:21,(anonymous_9)
FN:22,(anonymous_10)
FN:25,(anonymous_11)
FN:33,(anonymous_12)
FN:53,(anonymous_13)
FN:60,(anonymous_14)
FN:78,(anonymous_15)
FN:88,(anonymous_16)
FN:92,(anonymous_17)
FN:112,(anonymous_18)
FN:122,(anonymous_19)
FN:132,(anonymous_20)
FNF:21
FNH:13
FNDA:30,(anonymous_0)
FNDA:2,(anonymous_1)
FNDA:0,(anonymous_2)
FNDA:1,(anonymous_3)
FNDA:0,(anonymous_4)
FNDA:0,(anonymous_5)
FNDA:0,(anonymous_6)
FNDA:0,(anonymous_7)
FNDA:0,(anonymous_8)
FNDA:0,(anonymous_9)
FNDA:0,(anonymous_10)
FNDA:2,(anonymous_11)
FNDA:5,(anonymous_12)
FNDA:2,(anonymous_13)
FNDA:3,(anonymous_14)
FNDA:2,(anonymous_15)
FNDA:1,(anonymous_16)
FNDA:3,(anonymous_17)
FNDA:2,(anonymous_18)
FNDA:3,(anonymous_19)
FNDA:4,(anonymous_20)
DA:6,30
DA:7,30
DA:8,30
DA:12,2
DA:16,1
DA:17,1
DA:18,1
DA:19,1
DA:20,1
DA:21,1
DA:22,1
DA:26,2
DA:27,2
DA:28,1
DA:29,1
DA:34,5
DA:35,5
DA:36,2
DA:37,2
DA:40,5
DA:41,1
DA:42,1
DA:45,4
DA:46,1
DA:47,1
DA:50,3
DA:54,2
DA:55,2
DA:56,1
DA:61,3
DA:62,3
DA:63,3
DA:64,3
DA:67,0
DA:68,0
DA:69,0
DA:70,0
DA:73,0
DA:74,0
DA:75,0
DA:79,2
DA:80,2
DA:81,2
DA:82,2
DA:85,0
DA:89,1
DA:93,3
DA:94,3
DA:96,1
DA:97,1
DA:100,2
DA:101,2
DA:102,2
DA:104,2
DA:105,1
DA:106,1
DA:109,2
DA:113,2
DA:114,2
DA:115,2
DA:116,2
DA:118,0
DA:119,0
DA:123,3
DA:124,3
DA:125,3
DA:126,3
DA:127,3
DA:128,3
DA:129,3
DA:133,4
DA:134,4
DA:136,3
DA:137,3
DA:138,3
DA:140,0
DA:142,0
DA:143,0
DA:144,0
DA:145,0
DA:146,0
DA:147,0
DA:148,0
DA:151,0
DA:152,0
LF:85
LH:65
BRDA:27,0,0,1
BRDA:27,0,1,1
BRDA:35,1,0,2
BRDA:35,1,1,3
BRDA:40,2,0,1
BRDA:40,2,1,4
BRDA:45,3,0,1
BRDA:45,3,1,3
BRDA:55,4,0,1
BRDA:55,4,1,1
BRDA:62,5,0,3
BRDA:62,5,1,0
BRDA:62,6,0,3
BRDA:62,6,1,3
BRDA:68,7,0,0
BRDA:68,7,1,0
BRDA:80,8,0,2
BRDA:80,8,1,0
BRDA:80,9,0,2
BRDA:80,9,1,2
BRDA:104,10,0,1
BRDA:104,10,1,1
BRDA:115,11,0,2
BRDA:115,11,1,0
BRDA:134,12,0,1
BRDA:134,12,1,3
BRDA:142,13,0,0
BRDA:142,13,1,0
BRDA:143,14,0,0
BRDA:143,14,1,0
BRDA:143,15,0,0
BRDA:143,15,1,0
BRDA:145,16,0,0
BRDA:145,16,1,0
BRF:34
BRH:21
end_of_record
TN:
SF:src/server/TetrisPlayer.js
FN:2,(anonymous_0)
FN:11,(anonymous_1)
FN:15,(anonymous_2)
FN:19,(anonymous_3)
FN:23,(anonymous_4)
FN:27,(anonymous_5)
FN:31,(anonymous_6)
FN:35,(anonymous_7)
FN:43,(anonymous_8)
FNF:9
FNH:8
FNDA:7,(anonymous_0)
FNDA:8,(anonymous_1)
FNDA:9,(anonymous_2)
FNDA:2,(anonymous_3)
FNDA:2,(anonymous_4)
FNDA:4,(anonymous_5)
FNDA:0,(anonymous_6)
FNDA:2,(anonymous_7)
FNDA:2,(anonymous_8)
DA:3,7
DA:4,7
DA:5,7
DA:6,7
DA:7,7
DA:8,7
DA:12,8
DA:16,9
DA:20,2
DA:24,2
DA:28,4
DA:32,0
DA:36,2
DA:44,2
DA:45,1
DA:47,1
LF:16
LH:15
BRDA:44,0,0,1
BRDA:44,0,1,1
BRF:2
BRH:2
end_of_record
TN:
SF:src/server/TetrisRoom.js
FN:2,(anonymous_0)
FN:8,(anonymous_1)
FN:12,(anonymous_2)
FN:13,(anonymous_3)
FN:16,(anonymous_4)
FN:24,(anonymous_5)
FN:31,(anonymous_6)
FN:35,(anonymous_7)
FNF:8
FNH:8
FNDA:5,(anonymous_0)
FNDA:7,(anonymous_1)
FNDA:1,(anonymous_2)
FNDA:2,(anonymous_3)
FNDA:2,(anonymous_4)
FNDA:1,(anonymous_5)
FNDA:3,(anonymous_6)
FNDA:2,(anonymous_7)
DA:3,5
DA:4,5
DA:5,5
DA:9,7
DA:13,2
DA:17,2
DA:18,2
DA:19,2
DA:20,4
DA:25,1
DA:26,1
DA:27,2
DA:32,3
DA:36,2
LF:14
LH:14
BRF:0
BRH:0
end_of_record
TN:
SF:src/server/TetrisServer.js
FN:10,(anonymous_0)
FN:18,(anonymous_1)
FN:23,(anonymous_2)
FN:54,(anonymous_3)
FN:56,(anonymous_4)
FNF:5
FNH:4
FNDA:1,(anonymous_0)
FNDA:1,(anonymous_1)
FNDA:0,(anonymous_2)
FNDA:1,(anonymous_3)
FNDA:1,(anonymous_4)
DA:11,1
DA:12,1
DA:13,1
DA:14,1
DA:15,1
DA:19,1
DA:23,1
DA:27,1
DA:55,1
DA:56,1
DA:57,1
DA:58,1
LF:12
LH:12
BRF:0
BRH:0
end_of_record
